<html>
<head>
<title>TestNG:  Default test</title>
<link href="../testng.css" rel="stylesheet" type="text/css" />
<link href="../my-testng.css" rel="stylesheet" type="text/css" />

<style type="text/css">
.log { display: none;} 
.stack-trace { display: none;} 
</style>
<script type="text/javascript">
<!--
function flip(e) {
  current = e.style.display;
  if (current == 'block') {
    e.style.display = 'none';
    return 0;
  }
  else {
    e.style.display = 'block';
    return 1;
  }
}

function toggleBox(szDivId, elem, msg1, msg2)
{
  var res = -1;  if (document.getElementById) {
    res = flip(document.getElementById(szDivId));
  }
  else if (document.all) {
    // this is the way old msie versions work
    res = flip(document.all[szDivId]);
  }
  if(elem) {
    if(res == 0) elem.innerHTML = msg1; else elem.innerHTML = msg2;
  }

}

function toggleAllBoxes() {
  if (document.getElementsByTagName) {
    d = document.getElementsByTagName('div');
    for (i = 0; i < d.length; i++) {
      if (d[i].className == 'log') {
        flip(d[i]);
      }
    }
  }
}

// -->
</script>

</head>
<body>
<h2 align='center'>Default test</h2><table border='1' align="center">
<tr>
<td>Tests passed/Failed/Skipped:</td><td>41/4/0</td>
</tr><tr>
<td>Started on:</td><td>Fri Nov 17 17:14:00 CST 2023</td>
</tr>
<tr><td>Total time:</td><td>21 seconds (21628 ms)</td>
</tr><tr>
<td>Included groups:</td><td></td>
</tr><tr>
<td>Excluded groups:</td><td></td>
</tr>
</table><p/>
<small><i>(Hover the method name to see the test class name)</i></small><p/>
<table width='100%' border='1' class='invocation-failed'>
<tr><td colspan='4' align='center'><b>FAILED TESTS</b></td></tr>
<tr><td><b>Test method</b></td>
<td><b>Attribute(s)</b></td>
<td width="30%"><b>Exception</b></td>
<td width="10%"><b>Time (seconds)</b></td>
<td><b>Instance</b></td>
</tr>
<tr>
<td title='runner.TestRunner.runScenario()'><b>runScenario</b><br>Test class: runner.TestRunner<br>Test method: Runs Cucumber Scenarios<br>Parameters: "The user is able to navigate to Time Complexity page", "User launch DSAlgo application and test Data Structure introduction page"</td>
<td><div><pre>java.lang.AssertionError: Page Title do not match expected [Login] but found [Time Complexity]
	at org.testng.Assert.fail(Assert.java:111)
	at org.testng.Assert.failNotEquals(Assert.java:1578)
	at org.testng.Assert.assertEqualsImpl(Assert.java:150)
	at org.testng.Assert.assertEquals(Assert.java:132)
	at org.testng.Assert.assertEquals(Assert.java:656)
	at stepDefinitions.HomePageSD.the_user_should_be_redirected_to_page(HomePageSD.java:73)
	at ✽.The user should be redirected to &quot;Time Complexity&quot; page(file:///C:/Users/s_thi/eclipse-workspace/dsalgoCoders/src/test/resources/features/4_DataStructures.feature:21)
</pre></div><a href='#' onClick='toggleBox("stack-trace1038320631", this, "Click to show all stack frames", "Click to hide stack frames")'>Click to show all stack frames</a>
<div class='stack-trace' id='stack-trace1038320631'><pre>java.lang.AssertionError: Page Title do not match expected [Login] but found [Time Complexity]
	at org.testng.Assert.fail(Assert.java:111)
	at org.testng.Assert.failNotEquals(Assert.java:1578)
	at org.testng.Assert.assertEqualsImpl(Assert.java:150)
	at org.testng.Assert.assertEquals(Assert.java:132)
	at org.testng.Assert.assertEquals(Assert.java:656)
	at stepDefinitions.HomePageSD.the_user_should_be_redirected_to_page(HomePageSD.java:73)
	at ✽.The user should be redirected to &quot;Time Complexity&quot; page(file:///C:/Users/s_thi/eclipse-workspace/dsalgoCoders/src/test/resources/features/4_DataStructures.feature:21)
</pre></div></td>
<td>0</td>
<td>runner.TestRunner@5852c06f</td></tr>
<tr>
<td title='runner.TestRunner.runScenario()'><b>runScenario</b><br>Test class: runner.TestRunner<br>Test method: Runs Cucumber Scenarios<br>Parameters: "The user is able run code in tryEditor for Time Complexity page", "User launch DSAlgo application and test Data Structure introduction page"</td>
<td><div><pre>java.lang.NullPointerException: Cannot invoke &quot;org.apache.poi.ss.usermodel.Sheet.getLastRowNum()&quot; because &quot;sheet&quot; is null
	at utilities.ExcelReader.readSheet(ExcelReader.java:45)
	at utilities.ExcelReader.getData(ExcelReader.java:32)
	at utilities.ElementsUtils.getCodeFromExcel(ElementsUtils.java:29)
	at pageObjects.DataStructures.enterPythonCode(DataStructures.java:57)
	at stepDefinitions.DataStructuresSD.the_user_enter_valid_python_code_in_try_editor_from_sheet_and(DataStructuresSD.java:111)
	at ✽.The user enter valid python code in tryEditor from sheet &quot;PythonCode&quot; and 0(file:///C:/Users/s_thi/eclipse-workspace/dsalgoCoders/src/test/resources/features/4_DataStructures.feature:32)
</pre></div><a href='#' onClick='toggleBox("stack-trace319061309", this, "Click to show all stack frames", "Click to hide stack frames")'>Click to show all stack frames</a>
<div class='stack-trace' id='stack-trace319061309'><pre>java.lang.NullPointerException: Cannot invoke &quot;org.apache.poi.ss.usermodel.Sheet.getLastRowNum()&quot; because &quot;sheet&quot; is null
	at utilities.ExcelReader.readSheet(ExcelReader.java:45)
	at utilities.ExcelReader.getData(ExcelReader.java:32)
	at utilities.ElementsUtils.getCodeFromExcel(ElementsUtils.java:29)
	at pageObjects.DataStructures.enterPythonCode(DataStructures.java:57)
	at stepDefinitions.DataStructuresSD.the_user_enter_valid_python_code_in_try_editor_from_sheet_and(DataStructuresSD.java:111)
	at ✽.The user enter valid python code in tryEditor from sheet &quot;PythonCode&quot; and 0(file:///C:/Users/s_thi/eclipse-workspace/dsalgoCoders/src/test/resources/features/4_DataStructures.feature:32)
</pre></div></td>
<td>0</td>
<td>runner.TestRunner@5852c06f</td></tr>
<tr>
<td title='runner.TestRunner.runScenario()'><b>runScenario</b><br>Test class: runner.TestRunner<br>Test method: Runs Cucumber Scenarios<br>Parameters: "The user is able to signout from the registered page", "User Validates the register page in DS Algo"</td>
<td><div><pre>org.openqa.selenium.InvalidSelectorException: invalid selector: Unable to locate an element with the xpath expression //*[@id=&quot;navbarCollapse&quot;]/div[2]/ul/a[3]] because of the following error:
SyntaxError: Failed to execute &apos;evaluate&apos; on &apos;Document&apos;: The string &apos;//*[@id=&quot;navbarCollapse&quot;]/div[2]/ul/a[3]]&apos; is not a valid XPath expression.
  (Session info: chrome=119.0.6045.124)
For documentation on this error, please visit: https://www.selenium.dev/documentation/webdriver/troubleshooting/errors#invalid-selector-exception
Build info: version: &apos;4.14.1&apos;, revision: &apos;03f8ede370&apos;
System info: os.name: &apos;Windows 11&apos;, os.arch: &apos;amd64&apos;, os.version: &apos;10.0&apos;, java.version: &apos;20.0.2&apos;
Driver info: org.openqa.selenium.chrome.ChromeDriver
Command: [8f8f9b204b89c4beecbc76fd646b9532, findElement {using=xpath, value=//*[@id=&quot;navbarCollapse&quot;]/div[2]/ul/a[3]]}]
Capabilities {acceptInsecureCerts: false, browserName: chrome, browserVersion: 119.0.6045.124, chrome: {chromedriverVersion: 119.0.6045.105 (38c72552c5e..., userDataDir: C:\Users\s_thi\AppData\Loca...}, fedcm:accounts: true, goog:chromeOptions: {debuggerAddress: localhost:61353}, networkConnectionEnabled: false, pageLoadStrategy: normal, platformName: windows, proxy: Proxy(), se:cdp: ws://localhost:61353/devtoo..., se:cdpVersion: 119.0.6045.124, setWindowRect: true, strictFileInteractability: false, timeouts: {implicit: 0, pageLoad: 300000, script: 30000}, unhandledPromptBehavior: dismiss and notify, webauthn:extension:credBlob: true, webauthn:extension:largeBlob: true, webauthn:extension:minPinLength: true, webauthn:extension:prf: true, webauthn:virtualAuthenticators: true}
Session ID: 8f8f9b204b89c4beecbc76fd646b9532
	at java.base/jdk.internal.reflect.DirectConstructorHandleAccessor.newInstance(DirectConstructorHandleAccessor.java:67)
	at java.base/java.lang.reflect.Constructor.newInstanceWithCaller(Constructor.java:500)
	at java.base/java.lang.reflect.Constructor.newInstance(Constructor.java:484)
	at org.openqa.selenium.remote.codec.w3c.W3CHttpResponseCodec.createException(W3CHttpResponseCodec.java:200)
	at org.openqa.selenium.remote.codec.w3c.W3CHttpResponseCodec.decode(W3CHttpResponseCodec.java:133)
	at org.openqa.selenium.remote.codec.w3c.W3CHttpResponseCodec.decode(W3CHttpResponseCodec.java:52)
	at org.openqa.selenium.remote.HttpCommandExecutor.execute(HttpCommandExecutor.java:191)
	at org.openqa.selenium.remote.service.DriverCommandExecutor.invokeExecute(DriverCommandExecutor.java:200)
	at org.openqa.selenium.remote.service.DriverCommandExecutor.execute(DriverCommandExecutor.java:175)
	at org.openqa.selenium.remote.RemoteWebDriver.execute(RemoteWebDriver.java:602)
	at org.openqa.selenium.remote.ElementLocation$ElementFinder$2.findElement(ElementLocation.java:165)
	at org.openqa.selenium.remote.ElementLocation.findElement(ElementLocation.java:59)
	at org.openqa.selenium.remote.RemoteWebDriver.findElement(RemoteWebDriver.java:359)
	at org.openqa.selenium.remote.RemoteWebDriver.findElement(RemoteWebDriver.java:353)
	at org.openqa.selenium.support.pagefactory.DefaultElementLocator.findElement(DefaultElementLocator.java:68)
	at org.openqa.selenium.support.pagefactory.internal.LocatingElementHandler.invoke(LocatingElementHandler.java:38)
	at jdk.proxy2/jdk.proxy2.$Proxy41.click(Unknown Source)
	at pageObjects.RegisterPage.clickSignOutLink(RegisterPage.java:180)
	at stepDefinitions.RegisterPageSD.the_user_clicks_the_link(RegisterPageSD.java:225)
	at ✽.The user clicks the &quot;Sign Out&quot; link(file:///C:/Users/s_thi/eclipse-workspace/dsalgoCoders/src/test/resources/features/2_RegisterPage.feature:103)
</pre></div><a href='#' onClick='toggleBox("stack-trace399994555", this, "Click to show all stack frames", "Click to hide stack frames")'>Click to show all stack frames</a>
<div class='stack-trace' id='stack-trace399994555'><pre>org.openqa.selenium.InvalidSelectorException: invalid selector: Unable to locate an element with the xpath expression //*[@id=&quot;navbarCollapse&quot;]/div[2]/ul/a[3]] because of the following error:
SyntaxError: Failed to execute &apos;evaluate&apos; on &apos;Document&apos;: The string &apos;//*[@id=&quot;navbarCollapse&quot;]/div[2]/ul/a[3]]&apos; is not a valid XPath expression.
  (Session info: chrome=119.0.6045.124)
For documentation on this error, please visit: https://www.selenium.dev/documentation/webdriver/troubleshooting/errors#invalid-selector-exception
Build info: version: &apos;4.14.1&apos;, revision: &apos;03f8ede370&apos;
System info: os.name: &apos;Windows 11&apos;, os.arch: &apos;amd64&apos;, os.version: &apos;10.0&apos;, java.version: &apos;20.0.2&apos;
Driver info: org.openqa.selenium.chrome.ChromeDriver
Command: [8f8f9b204b89c4beecbc76fd646b9532, findElement {using=xpath, value=//*[@id=&quot;navbarCollapse&quot;]/div[2]/ul/a[3]]}]
Capabilities {acceptInsecureCerts: false, browserName: chrome, browserVersion: 119.0.6045.124, chrome: {chromedriverVersion: 119.0.6045.105 (38c72552c5e..., userDataDir: C:\Users\s_thi\AppData\Loca...}, fedcm:accounts: true, goog:chromeOptions: {debuggerAddress: localhost:61353}, networkConnectionEnabled: false, pageLoadStrategy: normal, platformName: windows, proxy: Proxy(), se:cdp: ws://localhost:61353/devtoo..., se:cdpVersion: 119.0.6045.124, setWindowRect: true, strictFileInteractability: false, timeouts: {implicit: 0, pageLoad: 300000, script: 30000}, unhandledPromptBehavior: dismiss and notify, webauthn:extension:credBlob: true, webauthn:extension:largeBlob: true, webauthn:extension:minPinLength: true, webauthn:extension:prf: true, webauthn:virtualAuthenticators: true}
Session ID: 8f8f9b204b89c4beecbc76fd646b9532
	at java.base/jdk.internal.reflect.DirectConstructorHandleAccessor.newInstance(DirectConstructorHandleAccessor.java:67)
	at java.base/java.lang.reflect.Constructor.newInstanceWithCaller(Constructor.java:500)
	at java.base/java.lang.reflect.Constructor.newInstance(Constructor.java:484)
	at org.openqa.selenium.remote.codec.w3c.W3CHttpResponseCodec.createException(W3CHttpResponseCodec.java:200)
	at org.openqa.selenium.remote.codec.w3c.W3CHttpResponseCodec.decode(W3CHttpResponseCodec.java:133)
	at org.openqa.selenium.remote.codec.w3c.W3CHttpResponseCodec.decode(W3CHttpResponseCodec.java:52)
	at org.openqa.selenium.remote.HttpCommandExecutor.execute(HttpCommandExecutor.java:191)
	at org.openqa.selenium.remote.service.DriverCommandExecutor.invokeExecute(DriverCommandExecutor.java:200)
	at org.openqa.selenium.remote.service.DriverCommandExecutor.execute(DriverCommandExecutor.java:175)
	at org.openqa.selenium.remote.RemoteWebDriver.execute(RemoteWebDriver.java:602)
	at org.openqa.selenium.remote.ElementLocation$ElementFinder$2.findElement(ElementLocation.java:165)
	at org.openqa.selenium.remote.ElementLocation.findElement(ElementLocation.java:59)
	at org.openqa.selenium.remote.RemoteWebDriver.findElement(RemoteWebDriver.java:359)
	at org.openqa.selenium.remote.RemoteWebDriver.findElement(RemoteWebDriver.java:353)
	at org.openqa.selenium.support.pagefactory.DefaultElementLocator.findElement(DefaultElementLocator.java:68)
	at org.openqa.selenium.support.pagefactory.internal.LocatingElementHandler.invoke(LocatingElementHandler.java:38)
	at jdk.proxy2/jdk.proxy2.$Proxy41.click(Unknown Source)
	at pageObjects.RegisterPage.clickSignOutLink(RegisterPage.java:180)
	at stepDefinitions.RegisterPageSD.the_user_clicks_the_link(RegisterPageSD.java:225)
	at ✽.The user clicks the &quot;Sign Out&quot; link(file:///C:/Users/s_thi/eclipse-workspace/dsalgoCoders/src/test/resources/features/2_RegisterPage.feature:103)
</pre></div></td>
<td>0</td>
<td>runner.TestRunner@5852c06f</td></tr>
<tr>
<td title='runner.TestRunner.runScenario()'><b>runScenario</b><br>Test class: runner.TestRunner<br>Test method: Runs Cucumber Scenarios<br>Parameters: "The user is presented with error message for code with invalid syntax in tryEditor for Time Complexity page", "User launch DSAlgo application and test Data Structure introduction page"</td>
<td><div><pre>java.lang.NullPointerException: Cannot invoke &quot;org.apache.poi.ss.usermodel.Sheet.getLastRowNum()&quot; because &quot;sheet&quot; is null
	at utilities.ExcelReader.readSheet(ExcelReader.java:45)
	at utilities.ExcelReader.getData(ExcelReader.java:32)
	at utilities.ElementsUtils.getCodeFromExcel(ElementsUtils.java:29)
	at pageObjects.DataStructures.enterPythonCode(DataStructures.java:57)
	at stepDefinitions.DataStructuresSD.the_user_enter_python_code_with_invalid_syntax_in_try_editor_from_sheet_and(DataStructuresSD.java:137)
	at ✽.The user enter python code with invalid syntax in tryEditor from sheet &quot;PythonCode&quot; and 1(file:///C:/Users/s_thi/eclipse-workspace/dsalgoCoders/src/test/resources/features/4_DataStructures.feature:43)
</pre></div><a href='#' onClick='toggleBox("stack-trace906056863", this, "Click to show all stack frames", "Click to hide stack frames")'>Click to show all stack frames</a>
<div class='stack-trace' id='stack-trace906056863'><pre>java.lang.NullPointerException: Cannot invoke &quot;org.apache.poi.ss.usermodel.Sheet.getLastRowNum()&quot; because &quot;sheet&quot; is null
	at utilities.ExcelReader.readSheet(ExcelReader.java:45)
	at utilities.ExcelReader.getData(ExcelReader.java:32)
	at utilities.ElementsUtils.getCodeFromExcel(ElementsUtils.java:29)
	at pageObjects.DataStructures.enterPythonCode(DataStructures.java:57)
	at stepDefinitions.DataStructuresSD.the_user_enter_python_code_with_invalid_syntax_in_try_editor_from_sheet_and(DataStructuresSD.java:137)
	at ✽.The user enter python code with invalid syntax in tryEditor from sheet &quot;PythonCode&quot; and 1(file:///C:/Users/s_thi/eclipse-workspace/dsalgoCoders/src/test/resources/features/4_DataStructures.feature:43)
</pre></div></td>
<td>0</td>
<td>runner.TestRunner@5852c06f</td></tr>
</table><p>
<table width='100%' border='1' class='invocation-passed'>
<tr><td colspan='4' align='center'><b>PASSED TESTS</b></td></tr>
<tr><td><b>Test method</b></td>
<td><b>Attribute(s)</b></td>
<td width="30%"><b>Exception</b></td>
<td width="10%"><b>Time (seconds)</b></td>
<td><b>Instance</b></td>
</tr>
<tr>
<td title='runner.TestRunner.runScenario()'><b>runScenario</b><br>Test class: runner.TestRunner<br>Test method: Runs Cucumber Scenarios<br>Parameters: "The user is able to navigate to Signin Page from Register Page", "User Validates the Signin page in DS Algo"</td>
<td></td>
<td>0</td>
<td>runner.TestRunner@5852c06f</td></tr>
<tr>
<td title='runner.TestRunner.runScenario()'><b>runScenario</b><br>Test class: runner.TestRunner<br>Test method: Runs Cucumber Scenarios<br>Parameters: "User is on Home page and click "Tree" on home page without sign in", "User launch the dsalgo portal link and test the home page"</td>
<td></td>
<td>0</td>
<td>runner.TestRunner@5852c06f</td></tr>
<tr>
<td title='runner.TestRunner.runScenario()'><b>runScenario</b><br>Test class: runner.TestRunner<br>Test method: Runs Cucumber Scenarios<br>Parameters: "The user is presented with error message for empty fields below Password textbox", "User Validates the register page in DS Algo"</td>
<td></td>
<td>0</td>
<td>runner.TestRunner@5852c06f</td></tr>
<tr>
<td title='runner.TestRunner.runScenario()'><b>runScenario</b><br>Test class: runner.TestRunner<br>Test method: Runs Cucumber Scenarios<br>Parameters: "The user is presented with error message for password with characters less than 8", "User Validates the register page in DS Algo"</td>
<td></td>
<td>0</td>
<td>runner.TestRunner@5852c06f</td></tr>
<tr>
<td title='runner.TestRunner.runScenario()'><b>runScenario</b><br>Test class: runner.TestRunner<br>Test method: Runs Cucumber Scenarios<br>Parameters: "The user is presented with error message for commonly used password", "User Validates the register page in DS Algo"</td>
<td></td>
<td>0</td>
<td>runner.TestRunner@5852c06f</td></tr>
<tr>
<td title='runner.TestRunner.runScenario()'><b>runScenario</b><br>Test class: runner.TestRunner<br>Test method: Runs Cucumber Scenarios<br>Parameters: "The user is succesfully able to register", "User Validates the register page in DS Algo"</td>
<td></td>
<td>0</td>
<td>runner.TestRunner@5852c06f</td></tr>
<tr>
<td title='runner.TestRunner.runScenario()'><b>runScenario</b><br>Test class: runner.TestRunner<br>Test method: Runs Cucumber Scenarios<br>Parameters: "User is on Home page and click on dropdown without sign in", "User launch the dsalgo portal link and test the home page"</td>
<td></td>
<td>0</td>
<td>runner.TestRunner@5852c06f</td></tr>
<tr>
<td title='runner.TestRunner.runScenario()'><b>runScenario</b><br>Test class: runner.TestRunner<br>Test method: Runs Cucumber Scenarios<br>Parameters: "User is on Home page and click on dropdown without sign in", "User launch the dsalgo portal link and test the home page"</td>
<td></td>
<td>0</td>
<td>runner.TestRunner@5852c06f</td></tr>
<tr>
<td title='runner.TestRunner.runScenario()'><b>runScenario</b><br>Test class: runner.TestRunner<br>Test method: Runs Cucumber Scenarios<br>Parameters: "The user is presented with error message for password with only numbers", "User Validates the register page in DS Algo"</td>
<td></td>
<td>0</td>
<td>runner.TestRunner@5852c06f</td></tr>
<tr>
<td title='runner.TestRunner.runScenario()'><b>runScenario</b><br>Test class: runner.TestRunner<br>Test method: Runs Cucumber Scenarios<br>Parameters: "User is on Home page and click "Arrays" on home page without sign in", "User launch the dsalgo portal link and test the home page"</td>
<td></td>
<td>0</td>
<td>runner.TestRunner@5852c06f</td></tr>
<tr>
<td title='runner.TestRunner.runScenario()'><b>runScenario</b><br>Test class: runner.TestRunner<br>Test method: Runs Cucumber Scenarios<br>Parameters: "User is on Home page and click "Datastructures" on home page without sign in", "User launch the dsalgo portal link and test the home page"</td>
<td></td>
<td>0</td>
<td>runner.TestRunner@5852c06f</td></tr>
<tr>
<td title='runner.TestRunner.runScenario()'><b>runScenario</b><br>Test class: runner.TestRunner<br>Test method: Runs Cucumber Scenarios<br>Parameters: "The user is able to navigate to a page having an tryEditor from Time Complexity page", "User launch DSAlgo application and test Data Structure introduction page"</td>
<td></td>
<td>0</td>
<td>runner.TestRunner@5852c06f</td></tr>
<tr>
<td title='runner.TestRunner.runScenario()'><b>runScenario</b><br>Test class: runner.TestRunner<br>Test method: Runs Cucumber Scenarios<br>Parameters: "User is on Home page and click on dropdown without sign in", "User launch the dsalgo portal link and test the home page"</td>
<td></td>
<td>0</td>
<td>runner.TestRunner@5852c06f</td></tr>
<tr>
<td title='runner.TestRunner.runScenario()'><b>runScenario</b><br>Test class: runner.TestRunner<br>Test method: Runs Cucumber Scenarios<br>Parameters: "The user is presented with error message for empty fields below Password Confirmation textbox", "User Validates the register page in DS Algo"</td>
<td></td>
<td>0</td>
<td>runner.TestRunner@5852c06f</td></tr>
<tr>
<td title='runner.TestRunner.runScenario()'><b>runScenario</b><br>Test class: runner.TestRunner<br>Test method: Runs Cucumber Scenarios<br>Parameters: "The user is able to navigate to Data Structure introduction page", "User launch DSAlgo application and test Data Structure introduction page"</td>
<td></td>
<td>0</td>
<td>runner.TestRunner@5852c06f</td></tr>
<tr>
<td title='runner.TestRunner.runScenario()'><b>runScenario</b><br>Test class: runner.TestRunner<br>Test method: Runs Cucumber Scenarios<br>Parameters: "The user is presented with error message for username already exists", "User Validates the register page in DS Algo"</td>
<td></td>
<td>0</td>
<td>runner.TestRunner@5852c06f</td></tr>
<tr>
<td title='runner.TestRunner.runScenario()'><b>runScenario</b><br>Test class: runner.TestRunner<br>Test method: Runs Cucumber Scenarios<br>Parameters: "User is on Home page and click "Stack" on home page without sign in", "User launch the dsalgo portal link and test the home page"</td>
<td></td>
<td>0</td>
<td>runner.TestRunner@5852c06f</td></tr>
<tr>
<td title='runner.TestRunner.runScenario()'><b>runScenario</b><br>Test class: runner.TestRunner<br>Test method: Runs Cucumber Scenarios<br>Parameters: "User on login page and login with the fields empty "" and """, "User Validates the Signin page in DS Algo"</td>
<td></td>
<td>0</td>
<td>runner.TestRunner@5852c06f</td></tr>
<tr>
<td title='runner.TestRunner.runScenario()'><b>runScenario</b><br>Test class: runner.TestRunner<br>Test method: Runs Cucumber Scenarios<br>Parameters: "User on login page and login with the fields empty "user" and """, "User Validates the Signin page in DS Algo"</td>
<td></td>
<td>0</td>
<td>runner.TestRunner@5852c06f</td></tr>
<tr>
<td title='runner.TestRunner.runScenario()'><b>runScenario</b><br>Test class: runner.TestRunner<br>Test method: Runs Cucumber Scenarios<br>Parameters: "User is on Home page and click on dropdown without sign in", "User launch the dsalgo portal link and test the home page"</td>
<td></td>
<td>0</td>
<td>runner.TestRunner@5852c06f</td></tr>
<tr>
<td title='runner.TestRunner.runScenario()'><b>runScenario</b><br>Test class: runner.TestRunner<br>Test method: Runs Cucumber Scenarios<br>Parameters: "The user is presented with error message for empty fields below Username textbox", "User Validates the register page in DS Algo"</td>
<td></td>
<td>0</td>
<td>runner.TestRunner@5852c06f</td></tr>
<tr>
<td title='runner.TestRunner.runScenario()'><b>runScenario</b><br>Test class: runner.TestRunner<br>Test method: Runs Cucumber Scenarios<br>Parameters: "User is on Home page and click on dropdown without sign in", "User launch the dsalgo portal link and test the home page"</td>
<td></td>
<td>0</td>
<td>runner.TestRunner@5852c06f</td></tr>
<tr>
<td title='runner.TestRunner.runScenario()'><b>runScenario</b><br>Test class: runner.TestRunner<br>Test method: Runs Cucumber Scenarios<br>Parameters: "User is on Home page and click "Linkedlist" on home page without sign in", "User launch the dsalgo portal link and test the home page"</td>
<td></td>
<td>0</td>
<td>runner.TestRunner@5852c06f</td></tr>
<tr>
<td title='runner.TestRunner.runScenario()'><b>runScenario</b><br>Test class: runner.TestRunner<br>Test method: Runs Cucumber Scenarios<br>Parameters: "User is on Home page and click "Queue" on home page without sign in", "User launch the dsalgo portal link and test the home page"</td>
<td></td>
<td>0</td>
<td>runner.TestRunner@5852c06f</td></tr>
<tr>
<td title='runner.TestRunner.runScenario()'><b>runScenario</b><br>Test class: runner.TestRunner<br>Test method: Runs Cucumber Scenarios<br>Parameters: "User is on Home page and click "Graph" on home page without sign in", "User launch the dsalgo portal link and test the home page"</td>
<td></td>
<td>0</td>
<td>runner.TestRunner@5852c06f</td></tr>
<tr>
<td title='runner.TestRunner.runScenario()'><b>runScenario</b><br>Test class: runner.TestRunner<br>Test method: Runs Cucumber Scenarios<br>Parameters: "The user is presented with error message for password mismatch", "User Validates the register page in DS Algo"</td>
<td></td>
<td>0</td>
<td>runner.TestRunner@5852c06f</td></tr>
<tr>
<td title='runner.TestRunner.runScenario()'><b>runScenario</b><br>Test class: runner.TestRunner<br>Test method: Runs Cucumber Scenarios<br>Parameters: "User on login page and login with the fields empty "" and "passowrd"", "User Validates the Signin page in DS Algo"</td>
<td></td>
<td>0</td>
<td>runner.TestRunner@5852c06f</td></tr>
<tr>
<td title='runner.TestRunner.runScenario()'><b>runScenario</b><br>Test class: runner.TestRunner<br>Test method: Runs Cucumber Scenarios<br>Parameters: "User on login page and login with invalid and valid inputs from Excel "Userdetails" and 1", "User Validates the Signin page in DS Algo"</td>
<td></td>
<td>0</td>
<td>runner.TestRunner@5852c06f</td></tr>
<tr>
<td title='runner.TestRunner.runScenario()'><b>runScenario</b><br>Test class: runner.TestRunner<br>Test method: Runs Cucumber Scenarios<br>Parameters: "Verifying signout link", "User Validates the Signin page in DS Algo"</td>
<td></td>
<td>0</td>
<td>runner.TestRunner@5852c06f</td></tr>
<tr>
<td title='runner.TestRunner.runScenario()'><b>runScenario</b><br>Test class: runner.TestRunner<br>Test method: Runs Cucumber Scenarios<br>Parameters: "User on login page and login with invalid and valid inputs from Excel "Userdetails" and 3", "User Validates the Signin page in DS Algo"</td>
<td></td>
<td>0</td>
<td>runner.TestRunner@5852c06f</td></tr>
<tr>
<td title='runner.TestRunner.runScenario()'><b>runScenario</b><br>Test class: runner.TestRunner<br>Test method: Runs Cucumber Scenarios<br>Parameters: "User on login page and login with invalid and valid inputs from Excel "Userdetails" and 0", "User Validates the Signin page in DS Algo"</td>
<td></td>
<td>0</td>
<td>runner.TestRunner@5852c06f</td></tr>
<tr>
<td title='runner.TestRunner.runScenario()'><b>runScenario</b><br>Test class: runner.TestRunner<br>Test method: Runs Cucumber Scenarios<br>Parameters: "User is on Home page and click on sign in", "User launch the dsalgo portal link and test the home page"</td>
<td></td>
<td>0</td>
<td>runner.TestRunner@5852c06f</td></tr>
<tr>
<td title='runner.TestRunner.runScenario()'><b>runScenario</b><br>Test class: runner.TestRunner<br>Test method: Runs Cucumber Scenarios<br>Parameters: "User is on Home page and click on dropdown without sign in", "User launch the dsalgo portal link and test the home page"</td>
<td></td>
<td>0</td>
<td>runner.TestRunner@5852c06f</td></tr>
<tr>
<td title='runner.TestRunner.runScenario()'><b>runScenario</b><br>Test class: runner.TestRunner<br>Test method: Runs Cucumber Scenarios<br>Parameters: "The user is presented with error message for password too similar to your other personal information", "User Validates the register page in DS Algo"</td>
<td></td>
<td>0</td>
<td>runner.TestRunner@5852c06f</td></tr>
<tr>
<td title='runner.TestRunner.runScenario()'><b>runScenario</b><br>Test class: runner.TestRunner<br>Test method: Runs Cucumber Scenarios<br>Parameters: "The user is logged in to DS Algo portal", "User launch DSAlgo application and test Data Structure introduction page"</td>
<td></td>
<td>0</td>
<td>runner.TestRunner@5852c06f</td></tr>
<tr>
<td title='runner.TestRunner.runScenario()'><b>runScenario</b><br>Test class: runner.TestRunner<br>Test method: Runs Cucumber Scenarios<br>Parameters: "User is on Home page and click on Register", "User launch the dsalgo portal link and test the home page"</td>
<td></td>
<td>0</td>
<td>runner.TestRunner@5852c06f</td></tr>
<tr>
<td title='runner.TestRunner.runScenario()'><b>runScenario</b><br>Test class: runner.TestRunner<br>Test method: Runs Cucumber Scenarios<br>Parameters: "User launch home page of an dsalgo project", "User Validates the register page in DS Algo"</td>
<td></td>
<td>0</td>
<td>runner.TestRunner@5852c06f</td></tr>
<tr>
<td title='runner.TestRunner.runScenario()'><b>runScenario</b><br>Test class: runner.TestRunner<br>Test method: Runs Cucumber Scenarios<br>Parameters: "User on login page and login with invalid and valid inputs from Excel "Userdetails" and 2", "User Validates the Signin page in DS Algo"</td>
<td></td>
<td>0</td>
<td>runner.TestRunner@5852c06f</td></tr>
<tr>
<td title='runner.TestRunner.runScenario()'><b>runScenario</b><br>Test class: runner.TestRunner<br>Test method: Runs Cucumber Scenarios<br>Parameters: "Verify the register link", "User Validates the Signin page in DS Algo"</td>
<td></td>
<td>0</td>
<td>runner.TestRunner@5852c06f</td></tr>
<tr>
<td title='runner.TestRunner.runScenario()'><b>runScenario</b><br>Test class: runner.TestRunner<br>Test method: Runs Cucumber Scenarios<br>Parameters: "User launch home page", "User launch the dsalgo portal link and test the home page"</td>
<td></td>
<td>0</td>
<td>runner.TestRunner@5852c06f</td></tr>
<tr>
<td title='runner.TestRunner.runScenario()'><b>runScenario</b><br>Test class: runner.TestRunner<br>Test method: Runs Cucumber Scenarios<br>Parameters: "The user is presented with error message for invalid username", "User Validates the register page in DS Algo"</td>
<td></td>
<td>0</td>
<td>runner.TestRunner@5852c06f</td></tr>
</table><p>
</body>
</html>