<?xml version="1.0" encoding="UTF-8"?>
<!-- Generated by org.testng.reporters.JUnitReportReporter -->
<testsuite hostname="DESKTOP-HJPALP7" failures="1" tests="45" name="runner.TestRunner" time="17.440" errors="3" timestamp="2023-11-17T17:14:22 CST" skipped="0">
  <testcase classname="runner.TestRunner" name="runScenario" time="0.146"/>
  <testcase classname="runner.TestRunner" name="runScenario" time="0.395"/>
  <testcase classname="runner.TestRunner" name="runScenario" time="0.304"/>
  <testcase classname="runner.TestRunner" name="runScenario" time="0.460"/>
  <testcase classname="runner.TestRunner" name="runScenario" time="0.449"/>
  <testcase classname="runner.TestRunner" name="runScenario" time="0.469"/>
  <testcase classname="runner.TestRunner" name="runScenario" time="0.313"/>
  <testcase classname="runner.TestRunner" name="runScenario" time="0.302"/>
  <testcase classname="runner.TestRunner" name="runScenario" time="0.455"/>
  <testcase classname="runner.TestRunner" name="runScenario" time="0.381"/>
  <testcase classname="runner.TestRunner" name="runScenario" time="0.546">
    <failure message="Page Title do not match expected [Login] but found [Time Complexity]" type="java.lang.AssertionError">
      <![CDATA[java.lang.AssertionError: Page Title do not match expected [Login] but found [Time Complexity]
at org.testng.Assert.fail(Assert.java:111)
at org.testng.Assert.failNotEquals(Assert.java:1578)
at org.testng.Assert.assertEqualsImpl(Assert.java:150)
at org.testng.Assert.assertEquals(Assert.java:132)
at org.testng.Assert.assertEquals(Assert.java:656)
at stepDefinitions.HomePageSD.the_user_should_be_redirected_to_page(HomePageSD.java:73)
at ✽.The user should be redirected to "Time Complexity" page(file:///C:/Users/s_thi/eclipse-workspace/dsalgoCoders/src/test/resources/features/4_DataStructures.feature:21)
]]>
    </failure>
  </testcase> <!-- runScenario -->
  <testcase classname="runner.TestRunner" name="runScenario" time="0.410"/>
  <testcase classname="runner.TestRunner" name="runScenario" time="0.610"/>
  <testcase classname="runner.TestRunner" name="runScenario" time="0.310"/>
  <testcase classname="runner.TestRunner" name="runScenario" time="0.384"/>
  <testcase classname="runner.TestRunner" name="runScenario" time="0.160"/>
  <testcase classname="runner.TestRunner" name="runScenario" time="0.471"/>
  <testcase classname="runner.TestRunner" name="runScenario" time="0.305">
    <error message="Cannot invoke &quot;org.apache.poi.ss.usermodel.Sheet.getLastRowNum()&quot; because &quot;sheet&quot; is null" type="java.lang.NullPointerException">
      <![CDATA[java.lang.NullPointerException: Cannot invoke "org.apache.poi.ss.usermodel.Sheet.getLastRowNum()" because "sheet" is null
at utilities.ExcelReader.readSheet(ExcelReader.java:45)
at utilities.ExcelReader.getData(ExcelReader.java:32)
at utilities.ElementsUtils.getCodeFromExcel(ElementsUtils.java:29)
at pageObjects.DataStructures.enterPythonCode(DataStructures.java:57)
at stepDefinitions.DataStructuresSD.the_user_enter_python_code_with_invalid_syntax_in_try_editor_from_sheet_and(DataStructuresSD.java:137)
at ✽.The user enter python code with invalid syntax in tryEditor from sheet "PythonCode" and 1(file:///C:/Users/s_thi/eclipse-workspace/dsalgoCoders/src/test/resources/features/4_DataStructures.feature:43)
]]>
    </error>
  </testcase> <!-- runScenario -->
  <testcase classname="runner.TestRunner" name="runScenario" time="0.392"/>
  <testcase classname="runner.TestRunner" name="runScenario" time="0.210"/>
  <testcase classname="runner.TestRunner" name="runScenario" time="0.196"/>
  <testcase classname="runner.TestRunner" name="runScenario" time="0.314"/>
  <testcase classname="runner.TestRunner" name="runScenario" time="0.339"/>
  <testcase classname="runner.TestRunner" name="runScenario" time="0.327"/>
  <testcase classname="runner.TestRunner" name="runScenario" time="0.389"/>
  <testcase classname="runner.TestRunner" name="runScenario" time="0.390"/>
  <testcase classname="runner.TestRunner" name="runScenario" time="0.427"/>
  <testcase classname="runner.TestRunner" name="runScenario" time="0.517"/>
  <testcase classname="runner.TestRunner" name="runScenario" time="0.211"/>
  <testcase classname="runner.TestRunner" name="runScenario" time="0.360">
    <error message="invalid selector: Unable to locate an element with the xpath expression //*[@id=&quot;navbarCollapse&quot;]/div[2]/ul/a[3]] because of the following error:
SyntaxError: Failed to execute &#039;evaluate&#039; on &#039;Document&#039;: The string &#039;//*[@id=&quot;navbarCollapse&quot;]/div[2]/ul/a[3]]&#039; is not a valid XPath expression.
  (Session info: chrome=119.0.6045.124)
For documentation on this error, please visit: https://www.selenium.dev/documentation/webdriver/troubleshooting/errors#invalid-selector-exception
Build info: version: &#039;4.14.1&#039;, revision: &#039;03f8ede370&#039;
System info: os.name: &#039;Windows 11&#039;, os.arch: &#039;amd64&#039;, os.version: &#039;10.0&#039;, java.version: &#039;20.0.2&#039;
Driver info: org.openqa.selenium.chrome.ChromeDriver
Command: [8f8f9b204b89c4beecbc76fd646b9532, findElement {using=xpath, value=//*[@id=&quot;navbarCollapse&quot;]/div[2]/ul/a[3]]}]
Capabilities {acceptInsecureCerts: false, browserName: chrome, browserVersion: 119.0.6045.124, chrome: {chromedriverVersion: 119.0.6045.105 (38c72552c5e..., userDataDir: C:\Users\s_thi\AppData\Loca...}, fedcm:accounts: true, goog:chromeOptions: {debuggerAddress: localhost:61353}, networkConnectionEnabled: false, pageLoadStrategy: normal, platformName: windows, proxy: Proxy(), se:cdp: ws://localhost:61353/devtoo..., se:cdpVersion: 119.0.6045.124, setWindowRect: true, strictFileInteractability: false, timeouts: {implicit: 0, pageLoad: 300000, script: 30000}, unhandledPromptBehavior: dismiss and notify, webauthn:extension:credBlob: true, webauthn:extension:largeBlob: true, webauthn:extension:minPinLength: true, webauthn:extension:prf: true, webauthn:virtualAuthenticators: true}
Session ID: 8f8f9b204b89c4beecbc76fd646b9532" type="org.openqa.selenium.InvalidSelectorException">
      <![CDATA[org.openqa.selenium.InvalidSelectorException: invalid selector: Unable to locate an element with the xpath expression //*[@id="navbarCollapse"]/div[2]/ul/a[3]] because of the following error:
SyntaxError: Failed to execute 'evaluate' on 'Document': The string '//*[@id="navbarCollapse"]/div[2]/ul/a[3]]' is not a valid XPath expression.
  (Session info: chrome=119.0.6045.124)
For documentation on this error, please visit: https://www.selenium.dev/documentation/webdriver/troubleshooting/errors#invalid-selector-exception
Build info: version: '4.14.1', revision: '03f8ede370'
System info: os.name: 'Windows 11', os.arch: 'amd64', os.version: '10.0', java.version: '20.0.2'
Driver info: org.openqa.selenium.chrome.ChromeDriver
Command: [8f8f9b204b89c4beecbc76fd646b9532, findElement {using=xpath, value=//*[@id="navbarCollapse"]/div[2]/ul/a[3]]}]
Capabilities {acceptInsecureCerts: false, browserName: chrome, browserVersion: 119.0.6045.124, chrome: {chromedriverVersion: 119.0.6045.105 (38c72552c5e..., userDataDir: C:\Users\s_thi\AppData\Loca...}, fedcm:accounts: true, goog:chromeOptions: {debuggerAddress: localhost:61353}, networkConnectionEnabled: false, pageLoadStrategy: normal, platformName: windows, proxy: Proxy(), se:cdp: ws://localhost:61353/devtoo..., se:cdpVersion: 119.0.6045.124, setWindowRect: true, strictFileInteractability: false, timeouts: {implicit: 0, pageLoad: 300000, script: 30000}, unhandledPromptBehavior: dismiss and notify, webauthn:extension:credBlob: true, webauthn:extension:largeBlob: true, webauthn:extension:minPinLength: true, webauthn:extension:prf: true, webauthn:virtualAuthenticators: true}
Session ID: 8f8f9b204b89c4beecbc76fd646b9532
at java.base/jdk.internal.reflect.DirectConstructorHandleAccessor.newInstance(DirectConstructorHandleAccessor.java:67)
at java.base/java.lang.reflect.Constructor.newInstanceWithCaller(Constructor.java:500)
at java.base/java.lang.reflect.Constructor.newInstance(Constructor.java:484)
at org.openqa.selenium.remote.codec.w3c.W3CHttpResponseCodec.createException(W3CHttpResponseCodec.java:200)
at org.openqa.selenium.remote.codec.w3c.W3CHttpResponseCodec.decode(W3CHttpResponseCodec.java:133)
at org.openqa.selenium.remote.codec.w3c.W3CHttpResponseCodec.decode(W3CHttpResponseCodec.java:52)
at org.openqa.selenium.remote.HttpCommandExecutor.execute(HttpCommandExecutor.java:191)
at org.openqa.selenium.remote.service.DriverCommandExecutor.invokeExecute(DriverCommandExecutor.java:200)
at org.openqa.selenium.remote.service.DriverCommandExecutor.execute(DriverCommandExecutor.java:175)
at org.openqa.selenium.remote.RemoteWebDriver.execute(RemoteWebDriver.java:602)
at org.openqa.selenium.remote.ElementLocation$ElementFinder$2.findElement(ElementLocation.java:165)
at org.openqa.selenium.remote.ElementLocation.findElement(ElementLocation.java:59)
at org.openqa.selenium.remote.RemoteWebDriver.findElement(RemoteWebDriver.java:359)
at org.openqa.selenium.remote.RemoteWebDriver.findElement(RemoteWebDriver.java:353)
at org.openqa.selenium.support.pagefactory.DefaultElementLocator.findElement(DefaultElementLocator.java:68)
at org.openqa.selenium.support.pagefactory.internal.LocatingElementHandler.invoke(LocatingElementHandler.java:38)
at jdk.proxy2/jdk.proxy2.$Proxy41.click(Unknown Source)
at pageObjects.RegisterPage.clickSignOutLink(RegisterPage.java:180)
at stepDefinitions.RegisterPageSD.the_user_clicks_the_link(RegisterPageSD.java:225)
at ✽.The user clicks the "Sign Out" link(file:///C:/Users/s_thi/eclipse-workspace/dsalgoCoders/src/test/resources/features/2_RegisterPage.feature:103)
]]>
    </error>
  </testcase> <!-- runScenario -->
  <testcase classname="runner.TestRunner" name="runScenario" time="0.399"/>
  <testcase classname="runner.TestRunner" name="runScenario" time="0.227"/>
  <testcase classname="runner.TestRunner" name="runScenario" time="0.520"/>
  <testcase classname="runner.TestRunner" name="runScenario" time="0.956"/>
  <testcase classname="runner.TestRunner" name="runScenario" time="0.140"/>
  <testcase classname="runner.TestRunner" name="runScenario" time="0.300"/>
  <testcase classname="runner.TestRunner" name="runScenario" time="0.291">
    <error message="Cannot invoke &quot;org.apache.poi.ss.usermodel.Sheet.getLastRowNum()&quot; because &quot;sheet&quot; is null" type="java.lang.NullPointerException">
      <![CDATA[java.lang.NullPointerException: Cannot invoke "org.apache.poi.ss.usermodel.Sheet.getLastRowNum()" because "sheet" is null
at utilities.ExcelReader.readSheet(ExcelReader.java:45)
at utilities.ExcelReader.getData(ExcelReader.java:32)
at utilities.ElementsUtils.getCodeFromExcel(ElementsUtils.java:29)
at pageObjects.DataStructures.enterPythonCode(DataStructures.java:57)
at stepDefinitions.DataStructuresSD.the_user_enter_valid_python_code_in_try_editor_from_sheet_and(DataStructuresSD.java:111)
at ✽.The user enter valid python code in tryEditor from sheet "PythonCode" and 0(file:///C:/Users/s_thi/eclipse-workspace/dsalgoCoders/src/test/resources/features/4_DataStructures.feature:32)
]]>
    </error>
  </testcase> <!-- runScenario -->
  <testcase classname="runner.TestRunner" name="runScenario" time="0.482"/>
  <testcase classname="runner.TestRunner" name="runScenario" time="0.637"/>
  <testcase classname="runner.TestRunner" name="runScenario" time="0.153"/>
  <testcase classname="runner.TestRunner" name="runScenario" time="0.304"/>
  <testcase classname="runner.TestRunner" name="runScenario" time="0.383"/>
  <testcase classname="runner.TestRunner" name="runScenario" time="0.259"/>
  <testcase classname="runner.TestRunner" name="runScenario" time="0.954"/>
  <testcase classname="runner.TestRunner" name="runScenario" time="0.493"/>
</testsuite> <!-- runner.TestRunner -->
